[LOG] System::create                           : Header version = 1.10.06. Current version = 1.10.06.
[LOG] SystemI::setOutputInternal               : Setting output to 'FMOD WASAPI Output'
[LOG] Manager::init                            : maxchannels = 1024 studioflags = 00000009 flags 00000000 extradriverdata 0000000000000000.
[LOG] SystemI::init                            : Initialize version=11006 (95384), maxchannels=1024, flags=0x00030000
[LOG] OutputWASAPI::init                       : Mix Format (WAVEFORMATEX): wFormatTag=0xFFFE, nChannels=2, nSamplesPerSec=48000, nAvgBytesPerSec=384000, nBlockAlign=8, wBitsPerSample=32, cbSize=22.
[LOG] OutputWASAPI::init                       : Mix Format (WAVEFORMATEXTENSIBLE): wValidBitsPerSample=32, dwChannelMask=0x00000003, SubFormat=00000003-0000-0010-8000-00AA00389B71.
[LOG] OutputWASAPI::init                       : Output buffer size: 4096 samples, latency: 0.00ms, period: 10.00ms, DSP buffer: 1024 * 4
[LOG] Thread::initThread                       : Init FMOD stream thread. Priority: 2, Stack Size: 65536, Semaphore: No, Sleep Time: 10, Looping: Yes.
[LOG] SystemI::DSPCodecPoolRegister            : register codec pool for pool type 5
[LOG] Thread::initThread                       : Init FMOD mixer thread. Priority: 3, Stack Size: 49152, Semaphore: No, Sleep Time: 0, Looping: Yes.
[LOG] AsyncManager::init                       : manager 000000005CDEBCF8 isAsync 1 updatePeriod 0.02
[LOG] Thread::initThread                       : Init FMOD Studio update thread. Priority: 0, Stack Size: 65536, Semaphore: No, Sleep Time: 1, Looping: No.
[LOG] AsyncManager::init                       : done
[LOG] PlaybackSystem::init                     : 
[LOG] Thread::initThread                       : Init FMOD Studio sample load thread. Priority: 0, Stack Size: 65536, Semaphore: No, Sleep Time: 1, Looping: No.
[LOG] PlaybackSystem::init                     : done
[LOG] LiveUpdate::init                         : 
[LOG] Thread::initThread                       : Init FMOD Studio bank load thread. Priority: 0, Stack Size: 65536, Semaphore: No, Sleep Time: 1, Looping: No.
[LOG] Manager::init                            : done.
[LOG] Profile::init                            : Profiler listening on port: 9264
[LOG] Manager::readBank                        : fileversion = 99, compatVersion = 99 (oldest = 44, newest = 100)
[LOG] Manager::readBank                        : fileversion = 99, compatVersion = 99 (oldest = 44, newest = 100)
[LOG] PlaybackSystem::acquireMasterBus         : Setting master channel group format to 6
[LOG] SystemI::createSound                     : filename = Assets\FMOD\BanqueSonore_Cartographe\Build\Desktop/Master Bank.bank : mode 02010082
[LOG] SystemI::createSound                     : FMOD_NONBLOCKING specified.  Putting into queue to be opened asynchronously!
[LOG] Thread::initThread                       : Init FMOD nonblocking thread (0). Priority: 1, Stack Size: 81920, Semaphore: Yes, Sleep Time: 0, Looping: Yes.
[LOG] SystemI::createSound                     : setdata soundi = 000000005D74EDC8 : node = 000000005D2F95C0
[LOG] SystemI::createSound                     : add node to async list : head = 0000000060DD13C8.  list count = 0
[LOG] AsyncThread::threadFunc                  : Starting Asynchronous operation on sound 000000005D74EDC8
[LOG] SystemI::createSoundInternal             :     Create name='Assets\FMOD\BanqueSonore_Cartographe\Build\Desktop/Master Bank.bank', mode=0x02010082
[LOG] SystemI::createSoundInternal             :     exinfo->cbsize             = 232
[LOG] SystemI::createSoundInternal             :     exinfo->length             = 27324352
[LOG] SystemI::createSoundInternal             :     exinfo->fileoffset         = 68960
[LOG] SystemI::createSoundInternal             :     exinfo->numsubsounds       = 1
[LOG] SystemI::createSoundInternal             :     exinfo->inclusionlist      = 000000005D2F96D8
[LOG] SystemI::createSoundInternal             :     exinfo->inclusionlistnum   = 1
[LOG] SystemI::createSoundInternal             :     exinfo->suggestedsoundtype = 5
[LOG] SystemI::createSoundInternal             :     exinfo->initialseekpostype = 1
[LOG] SystemI::createSound                     :     filename = Assets\FMOD\BanqueSonore_Cartographe\Build\Desktop/Master Bank.bank : mode 02010082
[LOG] SystemI::createSound                     :     FMOD_NONBLOCKING specified.  Putting into queue to be opened asynchronously!
[LOG] SystemI::createSound                     :     setdata soundi = 000000005D74EF78 : node = 000000005D2F9860
[LOG] SystemI::createSound                     :     add node to async list : head = 0000000060DD13C8.  list count = 0
[LOG] SystemI::createSound                     :     filename = Assets\FMOD\BanqueSonore_Cartographe\Build\Desktop/Master Bank.bank : mode 02010082
[LOG] SystemI::createSound                     :     FMOD_NONBLOCKING specified.  Putting into queue to be opened asynchronously!
[LOG] SystemI::createSound                     :     setdata soundi = 000000005D74E708 : node = 000000005D2F99B0
[LOG] SystemI::createSound                     :     add node to async list : head = 0000000060DD13C8.  list count = 1
[LOG] SystemI::createSound                     :     filename = Assets\FMOD\BanqueSonore_Cartographe\Build\Desktop/Master Bank.bank : mode 02010082
[LOG] SystemI::createSound                     :     FMOD_NONBLOCKING specified.  Putting into queue to be opened asynchronously!
[LOG] SystemI::createSound                     :     setdata soundi = 000000005D74E558 : node = 000000005D2F8DE0
[LOG] SystemI::createSound                     :     add node to async list : head = 0000000060DD13C8.  list count = 2
[LOG] SystemI::createSound                     :     filename = Assets\FMOD\BanqueSonore_Cartographe\Build\Desktop/Master Bank.bank : mode 02010082
[LOG] SystemI::createSound                     :     FMOD_NONBLOCKING specified.  Putting into queue to be opened asynchronously!
[LOG] SystemI::createSound                     :     setdata soundi = 000000005D74E8B8 : node = 000000005D2F9DA0
[LOG] SystemI::createSound                     :     add node to async list : head = 0000000060DD13C8.  list count = 3
[LOG] SystemI::createSound                     :     filename = Assets\FMOD\BanqueSonore_Cartographe\Build\Desktop/Master Bank.bank : mode 02010082
[LOG] SystemI::createSound                     :     FMOD_NONBLOCKING specified.  Putting into queue to be opened asynchronously!
[LOG] SystemI::createSound                     :     setdata soundi = 000000005D74D7D8 : node = 000000005D2F9EF0
[LOG] SystemI::createSound                     :     add node to async list : head = 0000000060DD13C8.  list count = 4
[LOG] SystemI::createSoundInternal             :     Stream 0/1: name='Ocean_Low', format=2, channels=2, frequency=48000, lengthbytes=1293824, lengthpcm=5159354, pcmblocksize=0, loopstart=0, loopend=0, mode=0x00000000, channelmask=0x00000000, channelorder=0, peakvolume=0.021709.
[LOG] Thread::initThread                       :     Init FMOD file thread. Priority: 1, Stack Size: 16384, Semaphore: No, Sleep Time: 10, Looping: Yes.
[LOG] AsyncThread::threadFunc                  : Finished Asynchronous operation on sound 000000005D74EDC8
[LOG] AsyncThread::threadFunc                  : Starting Asynchronous operation on sound 000000005D74EF78
[LOG] SystemI::createSoundInternal             :     Create name='Assets\FMOD\BanqueSonore_Cartographe\Build\Desktop/Master Bank.bank', mode=0x02010082
[LOG] SystemI::createSoundInternal             :     exinfo->cbsize             = 232
[LOG] SystemI::createSoundInternal             :     exinfo->length             = 27324352
[LOG] SystemI::createSoundInternal             :     exinfo->fileoffset         = 68960
[LOG] SystemI::createSoundInternal             :     exinfo->numsubsounds       = 1
[LOG] SystemI::createSoundInternal             :     exinfo->inclusionlist      = 000000005D2F9978
[LOG] SystemI::createSoundInternal             :     exinfo->inclusionlistnum   = 1
[LOG] SystemI::createSoundInternal             :     exinfo->suggestedsoundtype = 5
[LOG] SystemI::createSoundInternal             :     exinfo->initialseekpostype = 1
[LOG] SystemI::createSoundInternal             :     Stream 0/1: name='Boat_Wood', format=2, channels=2, frequency=48000, lengthbytes=1368672, lengthpcm=5543397, pcmblocksize=0, loopstart=0, loopend=0, mode=0x00000000, channelmask=0x00000000, channelorder=0, peakvolume=0.152889.
[LOG] AsyncThread::threadFunc                  : Finished Asynchronous operation on sound 000000005D74EF78
[LOG] AsyncThread::threadFunc                  : Starting Asynchronous operation on sound 000000005D74E708
[LOG] SystemI::createSoundInternal             :     Create name='Assets\FMOD\BanqueSonore_Cartographe\Build\Desktop/Master Bank.bank', mode=0x02010082
[LOG] SystemI::createSoundInternal             :     exinfo->cbsize             = 232
[LOG] SystemI::createSoundInternal             :     exinfo->length             = 27324352
[LOG] SystemI::createSoundInternal             :     exinfo->fileoffset         = 68960
[LOG] SystemI::createSoundInternal             :     exinfo->numsubsounds       = 1
[LOG] SystemI::createSoundInternal             :     exinfo->inclusionlist      = 000000005D2F9AC8
[LOG] SystemI::createSoundInternal             :     exinfo->inclusionlistnum   = 1
[LOG] SystemI::createSoundInternal             :     exinfo->suggestedsoundtype = 5
[LOG] SystemI::createSoundInternal             :     exinfo->initialseekpostype = 1
[LOG] SystemI::createSoundInternal             :     Stream 0/1: name='Session sans titre 1_mixage final', format=2, channels=2, frequency=48000, lengthbytes=1687872, lengthpcm=6505162, pcmblocksize=0, loopstart=0, loopend=0, mode=0x00000000, channelmask=0x00000000, channelorder=0, peakvolume=0.541595.
[LOG] AsyncThread::threadFunc                  : Finished Asynchronous operation on sound 000000005D74E708
[LOG] AsyncThread::threadFunc                  : Starting Asynchronous operation on sound 000000005D74E558
[LOG] SystemI::createSoundInternal             :     Create name='Assets\FMOD\BanqueSonore_Cartographe\Build\Desktop/Master Bank.bank', mode=0x02010082
[LOG] SystemI::createSoundInternal             :     exinfo->cbsize             = 232
[LOG] SystemI::createSoundInternal             :     exinfo->length             = 27324352
[LOG] SystemI::createSoundInternal             :     exinfo->fileoffset         = 68960
[LOG] SystemI::createSoundInternal             :     exinfo->numsubsounds       = 1
[LOG] SystemI::createSoundInternal             :     exinfo->inclusionlist      = 000000005D2F8EF8
[LOG] SystemI::createSoundInternal             :     exinfo->inclusionlistnum   = 1
[LOG] SystemI::createSoundInternal             :     exinfo->suggestedsoundtype = 5
[LOG] SystemI::createSoundInternal             :     exinfo->initialseekpostype = 1
[LOG] SystemI::createSoundInternal             :     Stream 0/1: name='Wind_Light', format=2, channels=1, frequency=48000, lengthbytes=290080, lengthpcm=1729782, pcmblocksize=0, loopstart=0, loopend=0, mode=0x00000000, channelmask=0x00000000, channelorder=0, peakvolume=0.060455.
[LOG] AsyncThread::threadFunc                  : Finished Asynchronous operation on sound 000000005D74E558
[LOG] AsyncThread::threadFunc                  : Starting Asynchronous operation on sound 000000005D74E8B8
[LOG] SystemI::createSoundInternal             :     Create name='Assets\FMOD\BanqueSonore_Cartographe\Build\Desktop/Master Bank.bank', mode=0x02010082
[LOG] SystemI::createSoundInternal             :     exinfo->cbsize             = 232
[LOG] SystemI::createSoundInternal             :     exinfo->length             = 27324352
[LOG] SystemI::createSoundInternal             :     exinfo->fileoffset         = 68960
[LOG] SystemI::createSoundInternal             :     exinfo->numsubsounds       = 1
[LOG] SystemI::createSoundInternal             :     exinfo->inclusionlist      = 000000005D2F9EB8
[LOG] SystemI::createSoundInternal             :     exinfo->inclusionlistnum   = 1
[LOG] SystemI::createSoundInternal             :     exinfo->suggestedsoundtype = 5
[LOG] SystemI::createSoundInternal             :     exinfo->initialseekpostype = 1
[LOG] SystemI::createSoundInternal             :     Stream 0/1: name='Ocean_QuickerWaves', format=2, channels=2, frequency=48000, lengthbytes=609152, lengthpcm=2130119, pcmblocksize=0, loopstart=0, loopend=0, mode=0x00000000, channelmask=0x00000000, channelorder=0, peakvolume=0.630220.
[LOG] AsyncThread::threadFunc                  : Finished Asynchronous operation on sound 000000005D74E8B8
[LOG] AsyncThread::threadFunc                  : Starting Asynchronous operation on sound 000000005D74D7D8
[LOG] SystemI::createSoundInternal             :     Create name='Assets\FMOD\BanqueSonore_Cartographe\Build\Desktop/Master Bank.bank', mode=0x02010082
[LOG] SystemI::createSoundInternal             :     exinfo->cbsize             = 232
[LOG] SystemI::createSoundInternal             :     exinfo->length             = 27324352
[LOG] SystemI::createSoundInternal             :     exinfo->fileoffset         = 68960
[LOG] SystemI::createSoundInternal             :     exinfo->numsubsounds       = 1
[LOG] SystemI::createSoundInternal             :     exinfo->inclusionlist      = 000000005D2FA008
[LOG] SystemI::createSoundInternal             :     exinfo->inclusionlistnum   = 1
[LOG] SystemI::createSoundInternal             :     exinfo->suggestedsoundtype = 5
[LOG] SystemI::createSoundInternal             :     exinfo->initialseekpostype = 1
[LOG] SystemI::createSoundInternal             :     Stream 0/1: name='sails01', format=2, channels=2, frequency=48000, lengthbytes=152608, lengthpcm=768000, pcmblocksize=0, loopstart=0, loopend=0, mode=0x00000000, channelmask=0x00000000, channelorder=0, peakvolume=0.300412.
[LOG] AsyncThread::threadFunc                  : Finished Asynchronous operation on sound 000000005D74D7D8
[LOG] SoundI::getSubSound                      : sound 000000005D74EDC8.  Subsound index 0 / 1
[LOG] SoundI::getSubSound                      : sound 000000005D74EF78.  Subsound index 0 / 1
[LOG] SoundI::getSubSound                      : sound 000000005D74E708.  Subsound index 0 / 1
[LOG] SoundI::getSubSound                      : sound 000000005D74E558.  Subsound index 0 / 1
[LOG] SoundI::getSubSound                      : sound 000000005D74E8B8.  Subsound index 0 / 1
[LOG] SoundI::getSubSound                      : sound 000000005D74D7D8.  Subsound index 0 / 1
[LOG] SystemI::createSound                     : filename = Assets\FMOD\BanqueSonore_Cartographe\Build\Desktop/Master Bank.bank : mode 02010082
[LOG] SystemI::createSound                     : FMOD_NONBLOCKING specified.  Putting into queue to be opened asynchronously!
[LOG] SystemI::createSound                     : setdata soundi = 000000005CF11388 : node = 000000005D2FA2E0
[LOG] SystemI::createSound                     : add node to async list : head = 0000000060DD13C8.  list count = 0
[LOG] AsyncThread::threadFunc                  : Starting Asynchronous operation on sound 000000005CF11388
[LOG] SystemI::createSoundInternal             :     Create name='Assets\FMOD\BanqueSonore_Cartographe\Build\Desktop/Master Bank.bank', mode=0x02010082
[LOG] SystemI::createSoundInternal             :     exinfo->cbsize             = 232
[LOG] SystemI::createSoundInternal             :     exinfo->length             = 27324352
[LOG] SystemI::createSoundInternal             :     exinfo->fileoffset         = 68960
[LOG] SystemI::createSoundInternal             :     exinfo->numsubsounds       = 1
[LOG] SystemI::createSoundInternal             :     exinfo->inclusionlist      = 000000005D2FA3F8
[LOG] SystemI::createSoundInternal             :     exinfo->inclusionlistnum   = 1
[LOG] SystemI::createSoundInternal             :     exinfo->suggestedsoundtype = 5
[LOG] SystemI::createSoundInternal             :     exinfo->initialseekpostype = 1
[LOG] SystemI::createSoundInternal             :     Stream 0/1: name='sails01', format=2, channels=2, frequency=48000, lengthbytes=152608, lengthpcm=768000, pcmblocksize=0, loopstart=0, loopend=0, mode=0x00000000, channelmask=0x00000000, channelorder=0, peakvolume=0.300412.
[LOG] AsyncThread::threadFunc                  : Finished Asynchronous operation on sound 000000005CF11388
[LOG] SoundI::getSubSound                      : sound 000000005CF11388.  Subsound index 0 / 1
[LOG] SoundI::release                          : sails01 (000000005D74D7D8)
[LOG] SoundI::release                          :     sails01 (0000000060DD0BF8)
[LOG] SoundI::release                          :     sails01 (000000005CF11538)
[LOG] SoundI::release                          : Boat_Wood (000000005D74EF78)
[LOG] SoundI::release                          :     Boat_Wood (0000000060DD03D8)
[LOG] SoundI::release                          :     Boat_Wood (000000005D74D988)
[LOG] SoundI::release                          : Ocean_Low (000000005D74EDC8)
[LOG] SoundI::release                          :     Ocean_Low (0000000060DD1A98)
[LOG] SoundI::release                          :     Ocean_Low (000000005D74DB38)
[LOG] SoundI::release                          : Ocean_QuickerWaves (000000005D74E8B8)
[LOG] SoundI::release                          :     Ocean_QuickerWaves (0000000060DD0A58)
[LOG] SoundI::release                          :     Ocean_QuickerWaves (000000005D74E048)
[LOG] SoundI::release                          : Wind_Light (000000005D74E558)
[LOG] SoundI::release                          :     Wind_Light (0000000060DD08B8)
[LOG] SoundI::release                          :     Wind_Light (000000005D74DE98)
[LOG] SoundI::release                          : sails01 (000000005CF11388)
[LOG] SoundI::release                          :     sails01 (0000000060DD0098)
[LOG] SoundI::release                          :     sails01 (000000005CF11BF8)
[LOG] SoundI::release                          : Session sans titre 1_mixage final (000000005D74E708)
[LOG] SoundI::release                          :     Session sans titre 1_mixage final (0000000060DD0D98)
[LOG] SoundI::release                          :     Session sans titre 1_mixage final (000000005D74DCE8)
[LOG] Thread::callback                         : FMOD Studio update thread finished.
[LOG] Thread::callback                         : FMOD Studio bank load thread finished.
[LOG] Profile::disconnectAll                   : Profiler disconnecting all clients
[LOG] Thread::callback                         : FMOD Studio sample load thread finished.
[LOG] LiveUpdate::release                      : 
[LOG] LiveUpdate::reset                        : Reset connection (reason Disconnected)
[LOG] Thread::callback                         : FMOD stream thread finished.
[LOG] Thread::callback                         : FMOD mixer thread finished.
[LOG] Profile::disconnectAll                   : Profiler disconnecting all clients
[LOG] Thread::callback                         : FMOD nonblocking thread (0) finished.
[LOG] Thread::callback                         : FMOD file thread finished.
[LOG] SystemI::close                           : Closed.
